e:\bbat\source\spatlib\source\dll\bbat\debug\bbat.pch
e:\bbat\source\spatlib\source\dll\bbat\debug\vc143.pdb
e:\bbat\source\spatlib\source\dll\bbat\debug\vc143.idb
e:\bbat\source\spatlib\source\dll\bbat\debug\stdafx.obj
e:\bbat\source\spatlib\source\dll\bbat\debug\dlmalloc.obj
e:\bbat\source\spatlib\source\dll\bbat\debug\amu_keypad.obj
e:\bbat\source\spatlib\source\dll\bbat\debug\amu_camera.obj
e:\bbat\source\spatlib\source\dll\bbat\debug\afcbctrlvol.obj
e:\bbat\source\spatlib\source\dll\bbat\debug\adcafcb.obj
e:\bbat\source\spatlib\source\dll\bbat\debug\rgb_adc.obj
e:\bbat\source\spatlib\source\dll\bbat\debug\get_adc.obj
e:\bbat\source\spatlib\source\dll\bbat\debug\891xadc.obj
e:\bbat\source\spatlib\source\dll\bbat\debug\actionapp.obj
e:\bbat\source\spatlib\source\dll\bbat\debug\uis6760_reset.obj
e:\bbat\source\spatlib\source\dll\bbat\debug\uis6760_gpio.obj
e:\bbat\source\spatlib\source\dll\bbat\debug\spatruntimeclass.obj
e:\bbat\source\spatlib\source\dll\bbat\debug\spatbase.obj
e:\bbat\source\spatlib\source\dll\bbat\debug\modeswitch.obj
e:\bbat\source\spatlib\source\dll\bbat\debug\apiexport.obj
e:\bbat\source\spatlib\source\dll\bbat\debug\utility.obj
e:\bbat\source\spatlib\source\dll\bbat\debug\logfile.obj
e:\bbat\source\spatlib\source\dll\bbat\debug\appver.obj
e:\bbat\source\spatlib\source\dll\bbat\debug\tr.obj
e:\bbat\source\spatlib\source\dll\bbat\debug\csimplelock.obj
e:\bbat\source\spatlib\source\dll\bbat\debug\clocks.obj
e:\bbat\source\spatlib\source\dll\bbat\debug\5g_adc.obj
e:\bbat\source\spatlib\source\dll\bbat\debug\cobafcb.obj
e:\bbat\source\spatlib\source\dll\bbat\debug\chipconnect.obj
e:\bbat\source\spatlib\source\dll\bbat\debug\checkxfastcharge.obj
e:\bbat\source\spatlib\source\dll\bbat\debug\fastcharge.obj
e:\bbat\source\spatlib\source\dll\bbat\debug\chargecurrentafcb.obj
e:\bbat\source\spatlib\source\dll\bbat\debug\cameraoper.obj
e:\bbat\source\spatlib\source\dll\bbat\debug\camera.obj
e:\bbat\source\spatlib\source\dll\bbat\debug\mcubt.obj
e:\bbat\source\spatlib\source\dll\bbat\debug\bt.obj
e:\bbat\source\spatlib\source\dll\bbat\debug\b2b.obj
e:\bbat\source\spatlib\source\dll\bbat\debug\impaudioloop.obj
e:\bbat\source\spatlib\source\dll\bbat\debug\audiolooppa.obj
e:\bbat\source\spatlib\source\dll\bbat\debug\audioloopg3mic.obj
e:\bbat\source\spatlib\source\dll\bbat\debug\audioloopbase.obj
e:\bbat\source\spatlib\source\dll\bbat\debug\audioloopafcb.obj
e:\bbat\source\spatlib\source\dll\bbat\debug\audioloop.obj
e:\bbat\source\spatlib\source\dll\bbat\debug\amu_sensor_test.obj
e:\bbat\source\spatlib\source\dll\bbat\debug\amu_sensor_calibration.obj
e:\bbat\source\spatlib\source\dll\bbat\debug\amu_led.obj
e:\bbat\source\spatlib\source\dll\bbat\debug\impgpiosmp.obj
e:\bbat\source\spatlib\source\dll\bbat\debug\gpiosmpbase.obj
e:\bbat\source\spatlib\source\dll\bbat\debug\impgpioafcbcontrol.obj
e:\bbat\source\spatlib\source\dll\bbat\debug\impgpioafcb.obj
e:\bbat\source\spatlib\source\dll\bbat\debug\gpioafcbset.obj
e:\bbat\source\spatlib\source\dll\bbat\debug\gpioafcbget.obj
e:\bbat\source\spatlib\source\dll\bbat\debug\gpioafcbcontrol.obj
e:\bbat\source\spatlib\source\dll\bbat\debug\gpioafcbbase.obj
e:\bbat\source\spatlib\source\dll\bbat\debug\gpio_write.obj
e:\bbat\source\spatlib\source\dll\bbat\debug\gpio_read.obj
e:\bbat\source\spatlib\source\dll\bbat\debug\gpio.obj
e:\bbat\source\spatlib\source\dll\bbat\debug\fm_transmit.obj
e:\bbat\source\spatlib\source\dll\bbat\debug\fm.obj
e:\bbat\source\spatlib\source\dll\bbat\debug\preethernet.obj
e:\bbat\source\spatlib\source\dll\bbat\debug\ethernet.obj
e:\bbat\source\spatlib\source\dll\bbat\debug\enablearmlog.obj
e:\bbat\source\spatlib\source\dll\bbat\debug\shortcircuit.obj
e:\bbat\source\spatlib\source\dll\bbat\debug\keypad_relay.obj
e:\bbat\source\spatlib\source\dll\bbat\debug\interconnect.obj
e:\bbat\source\spatlib\source\dll\bbat\debug\ecell_test_lan.obj
e:\bbat\source\spatlib\source\dll\bbat\debug\pcie.obj
e:\bbat\source\spatlib\source\dll\bbat\debug\otg.obj
e:\bbat\source\spatlib\source\dll\bbat\debug\orca.obj
e:\bbat\source\spatlib\source\dll\bbat\debug\entermode.obj
e:\bbat\source\spatlib\source\dll\bbat\debug\ntc_adc.obj
e:\bbat\source\spatlib\source\dll\bbat\debug\ntc.obj
e:\bbat\source\spatlib\source\dll\bbat\debug\nfc.obj
e:\bbat\source\spatlib\source\dll\bbat\debug\misc.obj
e:\bbat\source\spatlib\source\dll\bbat\debug\makecall.obj
e:\bbat\source\spatlib\source\dll\bbat\debug\led_afcb.obj
e:\bbat\source\spatlib\source\dll\bbat\debug\impledafcb.obj
e:\bbat\source\spatlib\source\dll\bbat\debug\mcu_lcd_afcb.obj
e:\bbat\source\spatlib\source\dll\bbat\debug\lcd_afcb.obj
e:\bbat\source\spatlib\source\dll\bbat\debug\keypad.obj
e:\bbat\source\spatlib\source\dll\bbat\debug\keypadlight_afcb.obj
e:\bbat\source\spatlib\source\dll\bbat\debug\impbase.obj
e:\bbat\source\spatlib\source\dll\bbat\debug\typec_headset.obj
e:\bbat\source\spatlib\source\dll\bbat\debug\nomicheadset.obj
e:\bbat\source\spatlib\source\dll\bbat\debug\headset.obj
e:\bbat\source\spatlib\source\dll\bbat\debug\gps.obj
e:\bbat\source\spatlib\source\dll\bbat\debug\umw5621_gpio_pintest.obj
e:\bbat\source\spatlib\source\dll\bbat\debug\umw5621_all_set.obj
e:\bbat\source\spatlib\source\dll\bbat\debug\umw5621_all_pull.obj
e:\bbat\source\spatlib\source\dll\bbat\debug\uart0_test.obj
e:\bbat\source\spatlib\source\dll\bbat\debug\typec_cctest.obj
e:\bbat\source\spatlib\source\dll\bbat\debug\simcard.obj
e:\bbat\source\spatlib\source\dll\bbat\debug\tempsensor.obj
e:\bbat\source\spatlib\source\dll\bbat\debug\sarsensor.obj
e:\bbat\source\spatlib\source\dll\bbat\debug\ligsensor.obj
e:\bbat\source\spatlib\source\dll\bbat\debug\prosensor.obj
e:\bbat\source\spatlib\source\dll\bbat\debug\pressuresensor.obj
e:\bbat\source\spatlib\source\dll\bbat\debug\orisensor.obj
e:\bbat\source\spatlib\source\dll\bbat\debug\magsensor.obj
e:\bbat\source\spatlib\source\dll\bbat\debug\hallsensor.obj
e:\bbat\source\spatlib\source\dll\bbat\debug\gyrsensor.obj
e:\bbat\source\spatlib\source\dll\bbat\debug\fingerprint.obj
e:\bbat\source\spatlib\source\dll\bbat\debug\accsensor.obj
e:\bbat\source\spatlib\source\dll\bbat\debug\rtc.obj
e:\bbat\source\spatlib\source\dll\bbat\debug\relay.obj
e:\bbat\source\spatlib\source\dll\bbat\debug\poweroff.obj
e:\bbat\source\spatlib\source\dll\bbat\debug\wifi.obj
e:\bbat\source\spatlib\source\dll\bbat\debug\vibratorpa.obj
e:\bbat\source\spatlib\source\dll\bbat\debug\vibratorafcb.obj
e:\bbat\source\spatlib\source\dll\bbat\debug\ump5865_mic.obj
e:\bbat\source\spatlib\source\dll\bbat\debug\ump5865_keypad.obj
e:\bbat\source\spatlib\source\dll\bbat\debug\ump5865_gpio_setlevel.obj
e:\bbat\source\spatlib\source\dll\bbat\debug\ump5865_gpio_getlevel.obj
e:\bbat\source\spatlib\source\dll\bbat\debug\umw5621_uart_test.obj
e:\bbat\source\spatlib\source\dll\bbat\debug\umw5621_single_setinput.obj
e:\bbat\source\spatlib\source\dll\bbat\debug\umw5621_single_pull.obj
e:\bbat\source\spatlib\source\dll\bbat\debug\bbat.tlog\cl.command.1.tlog
e:\bbat\source\spatlib\source\dll\bbat\debug\bbat.tlog\cl.read.1.tlog
e:\bbat\source\spatlib\source\dll\bbat\debug\bbat.tlog\cl.write.1.tlog
e:\bbat\source\spatlib\source\dll\bbat\debug\bbat.tlog\rc.command.1.tlog
e:\bbat\source\spatlib\source\dll\bbat\debug\bbat.tlog\rc.read.1.tlog
e:\bbat\source\spatlib\source\dll\bbat\debug\bbat.tlog\rc.write.1.tlog
